<?xml version="1.0" encoding="UTF-8"?>
<!-- Generated by org.testng.reporters.JUnitXMLReporter -->
<testsuite ignored="0" hostname="TYP1517" failures="1" tests="1" name="Test" time="65.98" errors="0" timestamp="2022-05-24T12:06:20 IST">
  <testcase classname="com.vtiger.contactsTest.CreateContactsTest" name="createContactsTest" time="32.708">
    <failure type="java.lang.AssertionError" message="null">
      <![CDATA[java.lang.AssertionError: null
at com.vtiger.contactsTest.CreateContactsTest.createContactsTest(CreateContactsTest.java:70)
at java.base/java.util.ArrayList.forEach(ArrayList.java:1511)
... Removed 29 stack frames]]>
    </failure>
  </testcase> <!-- createContactsTest -->
</testsuite> <!-- Test -->
