<?xml version="1.0" encoding="UTF-8"?>
<testng-results ignored="0" total="1" passed="0" failed="1" skipped="0">
  <reporter-output>
  </reporter-output>
  <suite started-at="2022-05-24T12:05:14 IST" name="Suite" finished-at="2022-05-24T12:06:20 IST" duration-ms="65980">
    <groups>
      <group name="sanity">
        <method signature="CreateContactsTest.createContactsTest()[pri:0, instance:com.vtiger.contactsTest.CreateContactsTest@3bbf9027]" name="createContactsTest" class="com.vtiger.contactsTest.CreateContactsTest"/>
      </group> <!-- sanity -->
    </groups>
    <test started-at="2022-05-24T12:05:14 IST" name="Test" finished-at="2022-05-24T12:06:20 IST" duration-ms="65980">
      <class name="com.vtiger.contactsTest.CreateContactsTest">
        <test-method is-config="true" signature="beforesuite1Test()[pri:0, instance:com.vtiger.contactsTest.CreateContactsTest@3bbf9027]" started-at="2022-05-24T12:05:14 IST" name="beforesuite1Test" finished-at="2022-05-24T12:05:14 IST" duration-ms="45" status="PASS">
          <reporter-output>
          </reporter-output>
        </test-method> <!-- beforesuite1Test -->
        <test-method is-config="true" signature="beforeClass1Test(java.lang.String)[pri:0, instance:com.vtiger.contactsTest.CreateContactsTest@3bbf9027]" started-at="2022-05-24T12:05:15 IST" name="beforeClass1Test" finished-at="2022-05-24T12:05:32 IST" duration-ms="16748" status="PASS">
          <params>
            <param index="0">
              <value>
                <![CDATA[chrome]]>
              </value>
            </param>
          </params>
          <reporter-output>
          </reporter-output>
        </test-method> <!-- beforeClass1Test -->
        <test-method is-config="true" signature="beforeMethod1Test()[pri:0, instance:com.vtiger.contactsTest.CreateContactsTest@3bbf9027]" started-at="2022-05-24T12:05:32 IST" name="beforeMethod1Test" finished-at="2022-05-24T12:05:44 IST" duration-ms="11571" status="PASS">
          <reporter-output>
          </reporter-output>
        </test-method> <!-- beforeMethod1Test -->
        <test-method signature="createContactsTest()[pri:0, instance:com.vtiger.contactsTest.CreateContactsTest@3bbf9027]" started-at="2022-05-24T12:05:44 IST" name="createContactsTest" description="testng:- CreateContactsTest" finished-at="2022-05-24T12:06:17 IST" duration-ms="32708" status="FAIL">
          <exception class="java.lang.AssertionError">
            <message>
              <![CDATA[null]]>
            </message>
            <full-stacktrace>
              <![CDATA[java.lang.AssertionError: null
at org.testng.Assert.fail(Assert.java:99)
at org.testng.Assert.fail(Assert.java:106)
at com.vtiger.contactsTest.CreateContactsTest.createContactsTest(CreateContactsTest.java:70)
at java.base/jdk.internal.reflect.NativeMethodAccessorImpl.invoke0(Native Method)
at java.base/jdk.internal.reflect.NativeMethodAccessorImpl.invoke(NativeMethodAccessorImpl.java:78)
at java.base/jdk.internal.reflect.DelegatingMethodAccessorImpl.invoke(DelegatingMethodAccessorImpl.java:43)
at java.base/java.lang.reflect.Method.invoke(Method.java:567)
at org.testng.internal.MethodInvocationHelper.invokeMethod(MethodInvocationHelper.java:133)
at org.testng.internal.TestInvoker.invokeMethod(TestInvoker.java:598)
at org.testng.internal.TestInvoker.invokeTestMethod(TestInvoker.java:173)
at org.testng.internal.MethodRunner.runInSequence(MethodRunner.java:46)
at org.testng.internal.TestInvoker$MethodInvocationAgent.invoke(TestInvoker.java:824)
at org.testng.internal.TestInvoker.invokeTestMethods(TestInvoker.java:146)
at org.testng.internal.TestMethodWorker.invokeTestMethods(TestMethodWorker.java:146)
at org.testng.internal.TestMethodWorker.run(TestMethodWorker.java:128)
at java.base/java.util.ArrayList.forEach(ArrayList.java:1511)
at org.testng.TestRunner.privateRun(TestRunner.java:794)
at org.testng.TestRunner.run(TestRunner.java:596)
at org.testng.SuiteRunner.runTest(SuiteRunner.java:377)
at org.testng.SuiteRunner.runSequentially(SuiteRunner.java:371)
at org.testng.SuiteRunner.privateRun(SuiteRunner.java:332)
at org.testng.SuiteRunner.run(SuiteRunner.java:276)
at org.testng.SuiteRunnerWorker.runSuite(SuiteRunnerWorker.java:53)
at org.testng.SuiteRunnerWorker.run(SuiteRunnerWorker.java:96)
at org.testng.TestNG.runSuitesSequentially(TestNG.java:1212)
at org.testng.TestNG.runSuitesLocally(TestNG.java:1134)
at org.testng.TestNG.runSuites(TestNG.java:1063)
at org.testng.TestNG.run(TestNG.java:1031)
at org.testng.remote.AbstractRemoteTestNG.run(AbstractRemoteTestNG.java:115)
at org.testng.remote.RemoteTestNG.initAndRun(RemoteTestNG.java:251)
at org.testng.remote.RemoteTestNG.main(RemoteTestNG.java:77)
]]>
            </full-stacktrace>
          </exception> <!-- java.lang.AssertionError -->
          <reporter-output>
          </reporter-output>
        </test-method> <!-- createContactsTest -->
        <test-method is-config="true" signature="afterMethod1Test()[pri:0, instance:com.vtiger.contactsTest.CreateContactsTest@3bbf9027]" started-at="2022-05-24T12:06:17 IST" name="afterMethod1Test" finished-at="2022-05-24T12:06:20 IST" duration-ms="3282" status="PASS">
          <reporter-output>
          </reporter-output>
        </test-method> <!-- afterMethod1Test -->
        <test-method is-config="true" signature="afterCass1Test()[pri:0, instance:com.vtiger.contactsTest.CreateContactsTest@3bbf9027]" started-at="2022-05-24T12:06:20 IST" name="afterCass1Test" finished-at="2022-05-24T12:06:20 IST" duration-ms="346" status="PASS">
          <reporter-output>
          </reporter-output>
        </test-method> <!-- afterCass1Test -->
        <test-method is-config="true" signature="aftersuite1Test()[pri:0, instance:com.vtiger.contactsTest.CreateContactsTest@3bbf9027]" started-at="2022-05-24T12:06:21 IST" name="aftersuite1Test" finished-at="2022-05-24T12:06:22 IST" duration-ms="318" status="PASS">
          <reporter-output>
          </reporter-output>
        </test-method> <!-- aftersuite1Test -->
      </class> <!-- com.vtiger.contactsTest.CreateContactsTest -->
    </test> <!-- Test -->
  </suite> <!-- Suite -->
</testng-results>
